# JRE version: Java(TM) SE Runtime Environment (7.0_55-b13) (build 1.7.0_55-b13)
# Java VM: Java HotSpot(TM) 64-Bit Server VM (24.55-b03 mixed mode windows-amd64 compressed oops)
Heap
 PSYoungGen      total 241152K, used 21524K [0x00000007d5500000, 0x00000007edc80000, 0x0000000800000000)
  eden space 206336K, 0% used [0x00000007d5500000,0x00000007d5500000,0x00000007e1e80000)
  from space 34816K, 61% used [0x00000007e1e80000,0x00000007e33853c0,0x00000007e4080000)
  to   space 35328K, 0% used [0x00000007eba00000,0x00000007eba00000,0x00000007edc80000)
 ParOldGen       total 87040K, used 75157K [0x0000000780000000, 0x0000000785500000, 0x00000007d5500000)
  object space 87040K, 86% used [0x0000000780000000,0x0000000784965558,0x0000000785500000)
 PSPermGen       total 26112K, used 25826K [0x000000077ae00000, 0x000000077c780000, 0x0000000780000000)
  object space 26112K, 98% used [0x000000077ae00000,0x000000077c738930,0x000000077c780000)
GC Heap History (10 events):
Event: 6.799 GC heap before
{Heap before GC invocations=6 (full 0):
 PSYoungGen      total 38912K, used 38906K [0x00000007d5500000, 0x00000007db400000, 0x0000000800000000)
  eden space 33792K, 100% used [0x00000007d5500000,0x00000007d7600000,0x00000007d7600000)
  from space 5120K, 99% used [0x00000007d7600000,0x00000007d7afe9e8,0x00000007d7b00000)
  to   space 14848K, 0% used [0x00000007da580000,0x00000007da580000,0x00000007db400000)
 ParOldGen       total 87040K, used 20727K [0x0000000780000000, 0x0000000785500000, 0x00000007d5500000)
  object space 87040K, 23% used [0x0000000780000000,0x000000078143df78,0x0000000785500000)
 PSPermGen       total 21504K, used 15475K [0x000000077ae00000, 0x000000077c300000, 0x0000000780000000)
  object space 21504K, 71% used [0x000000077ae00000,0x000000077bd1cd60,0x000000077c300000)
Event: 6.810 GC heap after
Heap after GC invocations=6 (full 0):
 PSYoungGen      total 81408K, used 7617K [0x00000007d5500000, 0x00000007db300000, 0x0000000800000000)
  eden space 67584K, 0% used [0x00000007d5500000,0x00000007d5500000,0x00000007d9700000)
  from space 13824K, 55% used [0x00000007da580000,0x00000007dacf06d0,0x00000007db300000)
  to   space 14336K, 0% used [0x00000007d9700000,0x00000007d9700000,0x00000007da500000)
 ParOldGen       total 87040K, used 20735K [0x0000000780000000, 0x0000000785500000, 0x00000007d5500000)
  object space 87040K, 23% used [0x0000000780000000,0x000000078143ff78,0x0000000785500000)
 PSPermGen       total 21504K, used 15475K [0x000000077ae00000, 0x000000077c300000, 0x0000000780000000)
  object space 21504K, 71% used [0x000000077ae00000,0x000000077bd1cd60,0x000000077c300000)
}
Event: 7.762 GC heap before
{Heap before GC invocations=7 (full 0):
 PSYoungGen      total 81408K, used 75201K [0x00000007d5500000, 0x00000007db300000, 0x0000000800000000)
  eden space 67584K, 100% used [0x00000007d5500000,0x00000007d9700000,0x00000007d9700000)
  from space 13824K, 55% used [0x00000007da580000,0x00000007dacf06d0,0x00000007db300000)
  to   space 14336K, 0% used [0x00000007d9700000,0x00000007d9700000,0x00000007da500000)
 ParOldGen       total 87040K, used 20735K [0x0000000780000000, 0x0000000785500000, 0x00000007d5500000)
  object space 87040K, 23% used [0x0000000780000000,0x000000078143ff78,0x0000000785500000)
 PSPermGen       total 21504K, used 18243K [0x000000077ae00000, 0x000000077c300000, 0x0000000780000000)
  object space 21504K, 84% used [0x000000077ae00000,0x000000077bfd0f20,0x000000077c300000)
Event: 7.784 GC heap after
Heap after GC invocations=7 (full 0):
 PSYoungGen      total 81920K, used 10236K [0x00000007d5500000, 0x00000007df500000, 0x0000000800000000)
  eden space 67584K, 0% used [0x00000007d5500000,0x00000007d5500000,0x00000007d9700000)
  from space 14336K, 71% used [0x00000007d9700000,0x00000007da0ff178,0x00000007da500000)
  to   space 14336K, 0% used [0x00000007de700000,0x00000007de700000,0x00000007df500000)
 ParOldGen       total 87040K, used 23523K [0x0000000780000000, 0x0000000785500000, 0x00000007d5500000)
  object space 87040K, 27% used [0x0000000780000000,0x00000007816f8f80,0x0000000785500000)
 PSPermGen       total 21504K, used 18243K [0x000000077ae00000, 0x000000077c300000, 0x0000000780000000)
  object space 21504K, 84% used [0x000000077ae00000,0x000000077bfd0f20,0x000000077c300000)
}
Event: 9.340 GC heap before
{Heap before GC invocations=8 (full 0):
 PSYoungGen      total 81920K, used 77820K [0x00000007d5500000, 0x00000007df500000, 0x0000000800000000)
  eden space 67584K, 100% used [0x00000007d5500000,0x00000007d9700000,0x00000007d9700000)
  from space 14336K, 71% used [0x00000007d9700000,0x00000007da0ff178,0x00000007da500000)
  to   space 14336K, 0% used [0x00000007de700000,0x00000007de700000,0x00000007df500000)
 ParOldGen       total 87040K, used 23523K [0x0000000780000000, 0x0000000785500000, 0x00000007d5500000)
  object space 87040K, 27% used [0x0000000780000000,0x00000007816f8f80,0x0000000785500000)
 PSPermGen       total 22016K, used 21975K [0x000000077ae00000, 0x000000077c380000, 0x0000000780000000)
  object space 22016K, 99% used [0x000000077ae00000,0x000000077c375cf0,0x000000077c380000)
Event: 9.356 GC heap after
Heap after GC invocations=8 (full 0):
 PSYoungGen      total 148992K, used 12234K [0x00000007d5500000, 0x00000007df600000, 0x0000000800000000)
  eden space 134656K, 0% used [0x00000007d5500000,0x00000007d5500000,0x00000007dd880000)
  from space 14336K, 85% used [0x00000007de700000,0x00000007df2f2890,0x00000007df500000)
  to   space 14848K, 0% used [0x00000007dd880000,0x00000007dd880000,0x00000007de700000)
 ParOldGen       total 87040K, used 24992K [0x0000000780000000, 0x0000000785500000, 0x00000007d5500000)
  object space 87040K, 28% used [0x0000000780000000,0x0000000781868378,0x0000000785500000)
 PSPermGen       total 22016K, used 21975K [0x000000077ae00000, 0x000000077c380000, 0x0000000780000000)
  object space 22016K, 99% used [0x000000077ae00000,0x000000077c375cf0,0x000000077c380000)
}
Event: 10.914 GC heap before
{Heap before GC invocations=9 (full 0):
 PSYoungGen      total 148992K, used 146890K [0x00000007d5500000, 0x00000007df600000, 0x0000000800000000)
  eden space 134656K, 100% used [0x00000007d5500000,0x00000007dd880000,0x00000007dd880000)
  from space 14336K, 85% used [0x00000007de700000,0x00000007df2f2890,0x00000007df500000)
  to   space 14848K, 0% used [0x00000007dd880000,0x00000007dd880000,0x00000007de700000)
 ParOldGen       total 87040K, used 24992K [0x0000000780000000, 0x0000000785500000, 0x00000007d5500000)
  object space 87040K, 28% used [0x0000000780000000,0x0000000781868378,0x0000000785500000)
 PSPermGen       total 22528K, used 22016K [0x000000077ae00000, 0x000000077c400000, 0x0000000780000000)
  object space 22528K, 97% used [0x000000077ae00000,0x000000077c3800b8,0x000000077c400000)
Event: 10.947 GC heap after
Heap after GC invocations=9 (full 0):
 PSYoungGen      total 149504K, used 14831K [0x00000007d5500000, 0x00000007e5980000, 0x0000000800000000)
  eden space 134656K, 0% used [0x00000007d5500000,0x00000007d5500000,0x00000007dd880000)
  from space 14848K, 99% used [0x00000007dd880000,0x00000007de6fbc20,0x00000007de700000)
  to   space 25600K, 0% used [0x00000007e4080000,0x00000007e4080000,0x00000007e5980000)
 ParOldGen       total 87040K, used 47482K [0x0000000780000000, 0x0000000785500000, 0x00000007d5500000)
  object space 87040K, 54% used [0x0000000780000000,0x0000000782e5e938,0x0000000785500000)
 PSPermGen       total 22528K, used 22016K [0x000000077ae00000, 0x000000077c400000, 0x0000000780000000)
  object space 22528K, 97% used [0x000000077ae00000,0x000000077c3800b8,0x000000077c400000)
}
Event: 11.770 GC heap before
{Heap before GC invocations=10 (full 0):
 PSYoungGen      total 149504K, used 149487K [0x00000007d5500000, 0x00000007e5980000, 0x0000000800000000)
  eden space 134656K, 100% used [0x00000007d5500000,0x00000007dd880000,0x00000007dd880000)
  from space 14848K, 99% used [0x00000007dd880000,0x00000007de6fbc20,0x00000007de700000)
  to   space 25600K, 0% used [0x00000007e4080000,0x00000007e4080000,0x00000007e5980000)
 ParOldGen       total 87040K, used 47482K [0x0000000780000000, 0x0000000785500000, 0x00000007d5500000)
  object space 87040K, 54% used [0x0000000780000000,0x0000000782e5e938,0x0000000785500000)
 PSPermGen       total 22528K, used 22026K [0x000000077ae00000, 0x000000077c400000, 0x0000000780000000)
  object space 22528K, 97% used [0x000000077ae00000,0x000000077c382a60,0x000000077c400000)
Event: 11.806 GC heap after
Heap after GC invocations=10 (full 0):
 PSYoungGen      total 231936K, used 25580K [0x00000007d5500000, 0x00000007e6b80000, 0x0000000800000000)
  eden space 206336K, 0% used [0x00000007d5500000,0x00000007d5500000,0x00000007e1e80000)
  from space 25600K, 99% used [0x00000007e4080000,0x00000007e597b1d0,0x00000007e5980000)
  to   space 34816K, 0% used [0x00000007e1e80000,0x00000007e1e80000,0x00000007e4080000)
 ParOldGen       total 87040K, used 62847K [0x0000000780000000, 0x0000000785500000, 0x00000007d5500000)
  object space 87040K, 72% used [0x0000000780000000,0x0000000783d5fff8,0x0000000785500000)
 PSPermGen       total 22528K, used 22026K [0x000000077ae00000, 0x000000077c400000, 0x0000000780000000)
  object space 22528K, 97% used [0x000000077ae00000,0x000000077c382a60,0x000000077c400000)
}

