# JRE version: Java(TM) SE Runtime Environment (7.0_55-b13) (build 1.7.0_55-b13)
# Java VM: Java HotSpot(TM) 64-Bit Server VM (24.55-b03 mixed mode windows-amd64 compressed oops)
Heap
 PSYoungGen      total 369152K, used 161757K [0x00000007d5500000, 0x00000007ed700000, 0x0000000800000000)
  eden space 344576K, 43% used [0x00000007d5500000,0x00000007de7eaac0,0x00000007ea580000)
  from space 24576K, 46% used [0x00000007ea580000,0x00000007eb08c960,0x00000007ebd80000)
  to   space 23040K, 0% used [0x00000007ebd80000,0x00000007ebd80000,0x00000007ed400000)
 ParOldGen       total 182784K, used 120159K [0x0000000780000000, 0x000000078b280000, 0x00000007d5500000)
  object space 182784K, 65% used [0x0000000780000000,0x0000000787557d00,0x000000078b280000)
 PSPermGen       total 53760K, used 35587K [0x000000077ae00000, 0x000000077e280000, 0x0000000780000000)
  object space 53760K, 66% used [0x000000077ae00000,0x000000077d0c0d48,0x000000077e280000)
GC Heap History (10 events):
Event: 15.725 GC heap before
{Heap before GC invocations=12 (full 0):
 PSYoungGen      total 239616K, used 224515K [0x00000007d5500000, 0x00000007ed400000, 0x0000000800000000)
  eden space 216064K, 100% used [0x00000007d5500000,0x00000007e2800000,0x00000007e2800000)
  from space 23552K, 35% used [0x00000007e2800000,0x00000007e3040e30,0x00000007e3f00000)
  to   space 23040K, 0% used [0x00000007ebd80000,0x00000007ebd80000,0x00000007ed400000)
 ParOldGen       total 87040K, used 60114K [0x0000000780000000, 0x0000000785500000, 0x00000007d5500000)
  object space 87040K, 69% used [0x0000000780000000,0x0000000783ab4bb8,0x0000000785500000)
 PSPermGen       total 26112K, used 25967K [0x000000077ae00000, 0x000000077c780000, 0x0000000780000000)
  object space 26112K, 99% used [0x000000077ae00000,0x000000077c75bda0,0x000000077c780000)
Event: 15.758 GC heap after
Heap after GC invocations=12 (full 0):
 PSYoungGen      total 367616K, used 18672K [0x00000007d5500000, 0x00000007ed700000, 0x0000000800000000)
  eden space 344576K, 0% used [0x00000007d5500000,0x00000007d5500000,0x00000007ea580000)
  from space 23040K, 81% used [0x00000007ebd80000,0x00000007ecfbc298,0x00000007ed400000)
  to   space 24576K, 0% used [0x00000007ea580000,0x00000007ea580000,0x00000007ebd80000)
 ParOldGen       total 87040K, used 66265K [0x0000000780000000, 0x0000000785500000, 0x00000007d5500000)
  object space 87040K, 76% used [0x0000000780000000,0x00000007840b6770,0x0000000785500000)
 PSPermGen       total 26112K, used 25967K [0x000000077ae00000, 0x000000077c780000, 0x0000000780000000)
  object space 26112K, 99% used [0x000000077ae00000,0x000000077c75bda0,0x000000077c780000)
}
Event: 18.157 GC heap before
{Heap before GC invocations=13 (full 0):
 PSYoungGen      total 367616K, used 363248K [0x00000007d5500000, 0x00000007ed700000, 0x0000000800000000)
  eden space 344576K, 100% used [0x00000007d5500000,0x00000007ea580000,0x00000007ea580000)
  from space 23040K, 81% used [0x00000007ebd80000,0x00000007ecfbc298,0x00000007ed400000)
  to   space 24576K, 0% used [0x00000007ea580000,0x00000007ea580000,0x00000007ebd80000)
 ParOldGen       total 87040K, used 66265K [0x0000000780000000, 0x0000000785500000, 0x00000007d5500000)
  object space 87040K, 76% used [0x0000000780000000,0x00000007840b6770,0x0000000785500000)
 PSPermGen       total 27136K, used 26657K [0x000000077ae00000, 0x000000077c880000, 0x0000000780000000)
  object space 27136K, 98% used [0x000000077ae00000,0x000000077c808668,0x000000077c880000)
Event: 18.261 GC heap after
Heap after GC invocations=13 (full 0):
 PSYoungGen      total 369152K, used 24557K [0x00000007d5500000, 0x00000007ed700000, 0x0000000800000000)
  eden space 344576K, 0% used [0x00000007d5500000,0x00000007d5500000,0x00000007ea580000)
  from space 24576K, 99% used [0x00000007ea580000,0x00000007ebd7b6b8,0x00000007ebd80000)
  to   space 23040K, 0% used [0x00000007ebd80000,0x00000007ebd80000,0x00000007ed400000)
 ParOldGen       total 107008K, used 106851K [0x0000000780000000, 0x0000000786880000, 0x00000007d5500000)
  object space 107008K, 99% used [0x0000000780000000,0x0000000786858f30,0x0000000786880000)
 PSPermGen       total 27136K, used 26657K [0x000000077ae00000, 0x000000077c880000, 0x0000000780000000)
  object space 27136K, 98% used [0x000000077ae00000,0x000000077c808668,0x000000077c880000)
}
Event: 18.261 GC heap before
{Heap before GC invocations=14 (full 1):
 PSYoungGen      total 369152K, used 24557K [0x00000007d5500000, 0x00000007ed700000, 0x0000000800000000)
  eden space 344576K, 0% used [0x00000007d5500000,0x00000007d5500000,0x00000007ea580000)
  from space 24576K, 99% used [0x00000007ea580000,0x00000007ebd7b6b8,0x00000007ebd80000)
  to   space 23040K, 0% used [0x00000007ebd80000,0x00000007ebd80000,0x00000007ed400000)
 ParOldGen       total 107008K, used 106851K [0x0000000780000000, 0x0000000786880000, 0x00000007d5500000)
  object space 107008K, 99% used [0x0000000780000000,0x0000000786858f30,0x0000000786880000)
 PSPermGen       total 27136K, used 26657K [0x000000077ae00000, 0x000000077c880000, 0x0000000780000000)
  object space 27136K, 98% used [0x000000077ae00000,0x000000077c808668,0x000000077c880000)
Event: 18.688 GC heap after
Heap after GC invocations=14 (full 1):
 PSYoungGen      total 369152K, used 13428K [0x00000007d5500000, 0x00000007ed700000, 0x0000000800000000)
  eden space 344576K, 0% used [0x00000007d5500000,0x00000007d5500000,0x00000007ea580000)
  from space 24576K, 54% used [0x00000007ea580000,0x00000007eb29d1f8,0x00000007ebd80000)
  to   space 23040K, 0% used [0x00000007ebd80000,0x00000007ebd80000,0x00000007ed400000)
 ParOldGen       total 182784K, used 106799K [0x0000000780000000, 0x000000078b280000, 0x00000007d5500000)
  object space 182784K, 58% used [0x0000000780000000,0x000000078684bef0,0x000000078b280000)
 PSPermGen       total 53760K, used 26646K [0x000000077ae00000, 0x000000077e280000, 0x0000000780000000)
  object space 53760K, 49% used [0x000000077ae00000,0x000000077c8058e0,0x000000077e280000)
}
Event: 21.424 GC heap before
{Heap before GC invocations=15 (full 1):
 PSYoungGen      total 369152K, used 358004K [0x00000007d5500000, 0x00000007ed700000, 0x0000000800000000)
  eden space 344576K, 100% used [0x00000007d5500000,0x00000007ea580000,0x00000007ea580000)
  from space 24576K, 54% used [0x00000007ea580000,0x00000007eb29d1f8,0x00000007ebd80000)
  to   space 23040K, 0% used [0x00000007ebd80000,0x00000007ebd80000,0x00000007ed400000)
 ParOldGen       total 182784K, used 106799K [0x0000000780000000, 0x000000078b280000, 0x00000007d5500000)
  object space 182784K, 58% used [0x0000000780000000,0x000000078684bef0,0x000000078b280000)
 PSPermGen       total 53760K, used 30899K [0x000000077ae00000, 0x000000077e280000, 0x0000000780000000)
  object space 53760K, 57% used [0x000000077ae00000,0x000000077cc2ced8,0x000000077e280000)
Event: 21.451 GC heap after
Heap after GC invocations=15 (full 1):
 PSYoungGen      total 367616K, used 11863K [0x00000007d5500000, 0x00000007ed700000, 0x0000000800000000)
  eden space 344576K, 0% used [0x00000007d5500000,0x00000007d5500000,0x00000007ea580000)
  from space 23040K, 51% used [0x00000007ebd80000,0x00000007ec915fd0,0x00000007ed400000)
  to   space 24576K, 0% used [0x00000007ea580000,0x00000007ea580000,0x00000007ebd80000)
 ParOldGen       total 182784K, used 112735K [0x0000000780000000, 0x000000078b280000, 0x00000007d5500000)
  object space 182784K, 61% used [0x0000000780000000,0x0000000786e17dd0,0x000000078b280000)
 PSPermGen       total 53760K, used 30899K [0x000000077ae00000, 0x000000077e280000, 0x0000000780000000)
  object space 53760K, 57% used [0x000000077ae00000,0x000000077cc2ced8,0x000000077e280000)
}
Event: 24.135 GC heap before
{Heap before GC invocations=16 (full 1):
 PSYoungGen      total 367616K, used 356439K [0x00000007d5500000, 0x00000007ed700000, 0x0000000800000000)
  eden space 344576K, 100% used [0x00000007d5500000,0x00000007ea580000,0x00000007ea580000)
  from space 23040K, 51% used [0x00000007ebd80000,0x00000007ec915fd0,0x00000007ed400000)
  to   space 24576K, 0% used [0x00000007ea580000,0x00000007ea580000,0x00000007ebd80000)
 ParOldGen       total 182784K, used 112735K [0x0000000780000000, 0x000000078b280000, 0x00000007d5500000)
  object space 182784K, 61% used [0x0000000780000000,0x0000000786e17dd0,0x000000078b280000)
 PSPermGen       total 53760K, used 34326K [0x000000077ae00000, 0x000000077e280000, 0x0000000780000000)
  object space 53760K, 63% used [0x000000077ae00000,0x000000077cf85970,0x000000077e280000)
Event: 24.153 GC heap after
Heap after GC invocations=16 (full 1):
 PSYoungGen      total 369152K, used 11314K [0x00000007d5500000, 0x00000007ed700000, 0x0000000800000000)
  eden space 344576K, 0% used [0x00000007d5500000,0x00000007d5500000,0x00000007ea580000)
  from space 24576K, 46% used [0x00000007ea580000,0x00000007eb08c960,0x00000007ebd80000)
  to   space 23040K, 0% used [0x00000007ebd80000,0x00000007ebd80000,0x00000007ed400000)
 ParOldGen       total 182784K, used 120159K [0x0000000780000000, 0x000000078b280000, 0x00000007d5500000)
  object space 182784K, 65% used [0x0000000780000000,0x0000000787557d00,0x000000078b280000)
 PSPermGen       total 53760K, used 34326K [0x000000077ae00000, 0x000000077e280000, 0x0000000780000000)
  object space 53760K, 63% used [0x000000077ae00000,0x000000077cf85970,0x000000077e280000)
}

